# JRE version: Java(TM) SE Runtime Environment (8.0_181-b13) (build 1.8.0_181-b13)
# Java VM: Java HotSpot(TM) Client VM (25.181-b13 mixed mode windows-x86 )
Heap:
 PSYoungGen      total 13056K, used 2218K [0x0b600000, 0x0c400000, 0x0c400000)
  eden space 11776K, 7% used [0x0b600000,0x0b6eb310,0x0c180000)
  from space 1280K, 99% used [0x0c180000,0x0c2bf788,0x0c2c0000)
  to   space 1280K, 0% used [0x0c2c0000,0x0c2c0000,0x0c400000)
 ParOldGen       total 36608K, used 26595K [0x04400000, 0x067c0000, 0x0b600000)
  object space 36608K, 72% used [0x04400000,0x05df8de0,0x067c0000)
 Metaspace       used 21651K, capacity 22842K, committed 22912K, reserved 22912K
GC Heap History (10 events):
Event: 3.357 GC heap before
{Heap before GC invocations=21 (full 2):
 PSYoungGen      total 13056K, used 12648K [0x0b600000, 0x0c400000, 0x0c400000)
  eden space 11776K, 100% used [0x0b600000,0x0c180000,0x0c180000)
  from space 1280K, 68% used [0x0c2c0000,0x0c39a010,0x0c400000)
  to   space 1280K, 0% used [0x0c180000,0x0c180000,0x0c2c0000)
 ParOldGen       total 36608K, used 21252K [0x04400000, 0x067c0000, 0x0b600000)
  object space 36608K, 58% used [0x04400000,0x058c1288,0x067c0000)
 Metaspace       used 20399K, capacity 21474K, committed 21632K, reserved 21888K
Event: 3.360 GC heap after
Heap after GC invocations=21 (full 2):
 PSYoungGen      total 13056K, used 884K [0x0b600000, 0x0c400000, 0x0c400000)
  eden space 11776K, 0% used [0x0b600000,0x0b600000,0x0c180000)
  from space 1280K, 69% used [0x0c180000,0x0c25d340,0x0c2c0000)
  to   space 1280K, 0% used [0x0c2c0000,0x0c2c0000,0x0c400000)
 ParOldGen       total 36608K, used 22066K [0x04400000, 0x067c0000, 0x0b600000)
  object space 36608K, 60% used [0x04400000,0x0598ca98,0x067c0000)
 Metaspace       used 20399K, capacity 21474K, committed 21632K, reserved 21888K
}
Event: 3.443 GC heap before
{Heap before GC invocations=22 (full 2):
 PSYoungGen      total 13056K, used 12660K [0x0b600000, 0x0c400000, 0x0c400000)
  eden space 11776K, 100% used [0x0b600000,0x0c180000,0x0c180000)
  from space 1280K, 69% used [0x0c180000,0x0c25d340,0x0c2c0000)
  to   space 1280K, 0% used [0x0c2c0000,0x0c2c0000,0x0c400000)
 ParOldGen       total 36608K, used 22066K [0x04400000, 0x067c0000, 0x0b600000)
  object space 36608K, 60% used [0x04400000,0x0598ca98,0x067c0000)
 Metaspace       used 20399K, capacity 21474K, committed 21632K, reserved 21888K
Event: 3.446 GC heap after
Heap after GC invocations=22 (full 2):
 PSYoungGen      total 13056K, used 872K [0x0b600000, 0x0c400000, 0x0c400000)
  eden space 11776K, 0% used [0x0b600000,0x0b600000,0x0c180000)
  from space 1280K, 68% used [0x0c2c0000,0x0c39a010,0x0c400000)
  to   space 1280K, 0% used [0x0c180000,0x0c180000,0x0c2c0000)
 ParOldGen       total 36608K, used 22878K [0x04400000, 0x067c0000, 0x0b600000)
  object space 36608K, 62% used [0x04400000,0x05a57a98,0x067c0000)
 Metaspace       used 20399K, capacity 21474K, committed 21632K, reserved 21888K
}
Event: 3.522 GC heap before
{Heap before GC invocations=23 (full 2):
 PSYoungGen      total 13056K, used 12648K [0x0b600000, 0x0c400000, 0x0c400000)
  eden space 11776K, 100% used [0x0b600000,0x0c180000,0x0c180000)
  from space 1280K, 68% used [0x0c2c0000,0x0c39a010,0x0c400000)
  to   space 1280K, 0% used [0x0c180000,0x0c180000,0x0c2c0000)
 ParOldGen       total 36608K, used 22878K [0x04400000, 0x067c0000, 0x0b600000)
  object space 36608K, 62% used [0x04400000,0x05a57a98,0x067c0000)
 Metaspace       used 20399K, capacity 21474K, committed 21632K, reserved 21888K
Event: 3.525 GC heap after
Heap after GC invocations=23 (full 2):
 PSYoungGen      total 13056K, used 908K [0x0b600000, 0x0c400000, 0x0c400000)
  eden space 11776K, 0% used [0x0b600000,0x0b600000,0x0c180000)
  from space 1280K, 70% used [0x0c180000,0x0c263330,0x0c2c0000)
  to   space 1280K, 0% used [0x0c2c0000,0x0c2c0000,0x0c400000)
 ParOldGen       total 36608K, used 23682K [0x04400000, 0x067c0000, 0x0b600000)
  object space 36608K, 64% used [0x04400000,0x05b20a98,0x067c0000)
 Metaspace       used 20399K, capacity 21474K, committed 21632K, reserved 21888K
}
Event: 3.618 GC heap before
{Heap before GC invocations=24 (full 2):
 PSYoungGen      total 13056K, used 12684K [0x0b600000, 0x0c400000, 0x0c400000)
  eden space 11776K, 100% used [0x0b600000,0x0c180000,0x0c180000)
  from space 1280K, 70% used [0x0c180000,0x0c263330,0x0c2c0000)
  to   space 1280K, 0% used [0x0c2c0000,0x0c2c0000,0x0c400000)
 ParOldGen       total 36608K, used 23682K [0x04400000, 0x067c0000, 0x0b600000)
  object space 36608K, 64% used [0x04400000,0x05b20a98,0x067c0000)
 Metaspace       used 20750K, capacity 21807K, committed 21888K, reserved 21888K
Event: 3.621 GC heap after
Heap after GC invocations=24 (full 2):
 PSYoungGen      total 13056K, used 1271K [0x0b600000, 0x0c400000, 0x0c400000)
  eden space 11776K, 0% used [0x0b600000,0x0b600000,0x0c180000)
  from space 1280K, 99% used [0x0c2c0000,0x0c3fdfa0,0x0c400000)
  to   space 1280K, 0% used [0x0c180000,0x0c180000,0x0c2c0000)
 ParOldGen       total 36608K, used 24813K [0x04400000, 0x067c0000, 0x0b600000)
  object space 36608K, 67% used [0x04400000,0x05c3b420,0x067c0000)
 Metaspace       used 20750K, capacity 21807K, committed 21888K, reserved 21888K
}
Event: 3.835 GC heap before
{Heap before GC invocations=25 (full 2):
 PSYoungGen      total 13056K, used 13047K [0x0b600000, 0x0c400000, 0x0c400000)
  eden space 11776K, 100% used [0x0b600000,0x0c180000,0x0c180000)
  from space 1280K, 99% used [0x0c2c0000,0x0c3fdfa0,0x0c400000)
  to   space 1280K, 0% used [0x0c180000,0x0c180000,0x0c2c0000)
 ParOldGen       total 36608K, used 24813K [0x04400000, 0x067c0000, 0x0b600000)
  object space 36608K, 67% used [0x04400000,0x05c3b420,0x067c0000)
 Metaspace       used 21518K, capacity 22676K, committed 22784K, reserved 22912K
Event: 3.838 GC heap after
Heap after GC invocations=25 (full 2):
 PSYoungGen      total 13056K, used 1277K [0x0b600000, 0x0c400000, 0x0c400000)
  eden space 11776K, 0% used [0x0b600000,0x0b600000,0x0c180000)
  from space 1280K, 99% used [0x0c180000,0x0c2bf788,0x0c2c0000)
  to   space 1280K, 0% used [0x0c2c0000,0x0c2c0000,0x0c400000)
 ParOldGen       total 36608K, used 26595K [0x04400000, 0x067c0000, 0x0b600000)
  object space 36608K, 72% used [0x04400000,0x05df8de0,0x067c0000)
 Metaspace       used 21518K, capacity 22676K, committed 22784K, reserved 22912K
}

